0 info it worked if it ends with ok
1 verbose cli [ 'node', '/usr/local/bin/npm', 'install', '-save', 'node_redis' ]
2 info using npm@1.4.28
3 info using node@v0.10.36
4 warn package.json EVPathFeedbackSystem@1.0.0 No repository field.
5 warn package.json EVPathFeedbackSystem@1.0.0 No README data
6 warn package.json net@1.0.2 net is also the name of a node core module.
7 warn package.json net@1.0.2 'repositories' (plural) Not supported. Please pick one as the 'repository' field
8 warn package.json net@1.0.2 No README data
9 verbose readDependencies using package.json deps
10 verbose cache add [ 'node_redis', null ]
11 verbose cache add name=undefined spec="node_redis" args=["node_redis",null]
12 verbose parsed url { protocol: null,
12 verbose parsed url   slashes: null,
12 verbose parsed url   auth: null,
12 verbose parsed url   host: null,
12 verbose parsed url   port: null,
12 verbose parsed url   hostname: null,
12 verbose parsed url   hash: null,
12 verbose parsed url   search: null,
12 verbose parsed url   query: null,
12 verbose parsed url   pathname: 'node_redis',
12 verbose parsed url   path: 'node_redis',
12 verbose parsed url   href: 'node_redis' }
13 silly lockFile f4a38139-node-redis node_redis
14 verbose lock node_redis /Users/sunheng/.npm/f4a38139-node-redis.lock
15 silly lockFile f4a38139-node-redis node_redis
16 silly lockFile f4a38139-node-redis node_redis
17 verbose addNamed [ 'node_redis', '' ]
18 verbose addNamed [ null, '*' ]
19 silly lockFile f3744735-node-redis node_redis@
20 verbose lock node_redis@ /Users/sunheng/.npm/f3744735-node-redis.lock
21 silly addNameRange { name: 'node_redis', range: '*', hasData: false }
22 verbose request where is /node_redis
23 verbose request registry https://registry.npmjs.org/
24 verbose request id b743c28344aecde0
25 verbose url raw /node_redis
26 verbose url resolving [ 'https://registry.npmjs.org/', './node_redis' ]
27 verbose url resolved https://registry.npmjs.org/node_redis
28 verbose request where is https://registry.npmjs.org/node_redis
29 info trying registry request attempt 1 at 00:56:10
30 http GET https://registry.npmjs.org/node_redis
31 http 404 https://registry.npmjs.org/node_redis
32 verbose headers { date: 'Wed, 15 Apr 2015 04:56:10 GMT',
32 verbose headers   server: 'CouchDB/1.5.0 (Erlang OTP/R16B03)',
32 verbose headers   'content-type': 'application/json',
32 verbose headers   'cache-control': 'max-age=0',
32 verbose headers   'content-length': '51',
32 verbose headers   'accept-ranges': 'bytes',
32 verbose headers   via: '1.1 varnish',
32 verbose headers   age: '0',
32 verbose headers   'x-served-by': 'cache-iad2139-IAD',
32 verbose headers   'x-cache': 'MISS',
32 verbose headers   'x-cache-hits': '0',
32 verbose headers   'x-timer': 'S1429073770.762905,VS0,VE16',
32 verbose headers   'keep-alive': 'timeout=10, max=50',
32 verbose headers   connection: 'Keep-Alive' }
33 silly registry.get cb [ 404,
33 silly registry.get   { date: 'Wed, 15 Apr 2015 04:56:10 GMT',
33 silly registry.get     server: 'CouchDB/1.5.0 (Erlang OTP/R16B03)',
33 silly registry.get     'content-type': 'application/json',
33 silly registry.get     'cache-control': 'max-age=0',
33 silly registry.get     'content-length': '51',
33 silly registry.get     'accept-ranges': 'bytes',
33 silly registry.get     via: '1.1 varnish',
33 silly registry.get     age: '0',
33 silly registry.get     'x-served-by': 'cache-iad2139-IAD',
33 silly registry.get     'x-cache': 'MISS',
33 silly registry.get     'x-cache-hits': '0',
33 silly registry.get     'x-timer': 'S1429073770.762905,VS0,VE16',
33 silly registry.get     'keep-alive': 'timeout=10, max=50',
33 silly registry.get     connection: 'Keep-Alive' } ]
34 silly lockFile f3744735-node-redis node_redis@
35 silly lockFile f3744735-node-redis node_redis@
36 error 404 404 Not Found: node_redis
36 error 404
36 error 404 'node_redis' is not in the npm registry.
36 error 404 You should bug the author to publish it
36 error 404 It was specified as a dependency of 'EVPathFeedbackSystem'
36 error 404
36 error 404 Note that you can also install from a
36 error 404 tarball, folder, or http url, or git url.
37 error System Darwin 14.1.0
38 error command "node" "/usr/local/bin/npm" "install" "-save" "node_redis"
39 error cwd /Users/sunheng/Documents/EVPathFeedbackSystem
40 error node -v v0.10.36
41 error npm -v 1.4.28
42 error code E404
43 verbose exit [ 1, true ]
